# JRE version: Java(TM) SE Runtime Environment (8.0_221-b11) (build 1.8.0_221-b11)
# Java VM: Java HotSpot(TM) 64-Bit Server VM (25.221-b11 mixed mode bsd-amd64 compressed oops)
Heap:
 PSYoungGen      total 101888K, used 58587K [0x000000076ab00000, 0x0000000773b00000, 0x00000007c0000000)
  eden space 96256K, 55% used [0x000000076ab00000,0x000000076ded26d0,0x0000000770900000)
  from space 5632K, 98% used [0x0000000773580000,0x0000000773ae45d0,0x0000000773b00000)
  to   space 10752K, 0% used [0x0000000772600000,0x0000000772600000,0x0000000773080000)
 ParOldGen       total 106496K, used 7668K [0x00000006c0000000, 0x00000006c6800000, 0x000000076ab00000)
  object space 106496K, 7% used [0x00000006c0000000,0x00000006c077d118,0x00000006c6800000)
 Metaspace       used 25988K, capacity 27636K, committed 27776K, reserved 1073152K
  class space    used 3339K, capacity 3648K, committed 3712K, reserved 1048576K
GC Heap History (10 events):
Event: 1.074 GC heap before
{Heap before GC invocations=1 (full 0):
 PSYoungGen      total 76288K, used 65536K [0x000000076ab00000, 0x0000000770000000, 0x00000007c0000000)
  eden space 65536K, 100% used [0x000000076ab00000,0x000000076eb00000,0x000000076eb00000)
  from space 10752K, 0% used [0x000000076f580000,0x000000076f580000,0x0000000770000000)
  to   space 10752K, 0% used [0x000000076eb00000,0x000000076eb00000,0x000000076f580000)
 ParOldGen       total 175104K, used 0K [0x00000006c0000000, 0x00000006cab00000, 0x000000076ab00000)
  object space 175104K, 0% used [0x00000006c0000000,0x00000006c0000000,0x00000006cab00000)
 Metaspace       used 10870K, capacity 11864K, committed 12160K, reserved 1060864K
  class space    used 1380K, capacity 1572K, committed 1664K, reserved 1048576K
Event: 1.081 GC heap after
Heap after GC invocations=1 (full 0):
 PSYoungGen      total 76288K, used 6273K [0x000000076ab00000, 0x0000000770000000, 0x00000007c0000000)
  eden space 65536K, 0% used [0x000000076ab00000,0x000000076ab00000,0x000000076eb00000)
  from space 10752K, 58% used [0x000000076eb00000,0x000000076f1207f8,0x000000076f580000)
  to   space 10752K, 0% used [0x000000076f580000,0x000000076f580000,0x0000000770000000)
 ParOldGen       total 175104K, used 16K [0x00000006c0000000, 0x00000006cab00000, 0x000000076ab00000)
  object space 175104K, 0% used [0x00000006c0000000,0x00000006c0004000,0x00000006cab00000)
 Metaspace       used 10870K, capacity 11864K, committed 12160K, reserved 1060864K
  class space    used 1380K, capacity 1572K, committed 1664K, reserved 1048576K
}
Event: 1.681 GC heap before
{Heap before GC invocations=2 (full 0):
 PSYoungGen      total 76288K, used 71809K [0x000000076ab00000, 0x0000000770000000, 0x00000007c0000000)
  eden space 65536K, 100% used [0x000000076ab00000,0x000000076eb00000,0x000000076eb00000)
  from space 10752K, 58% used [0x000000076eb00000,0x000000076f1207f8,0x000000076f580000)
  to   space 10752K, 0% used [0x000000076f580000,0x000000076f580000,0x0000000770000000)
 ParOldGen       total 175104K, used 16K [0x00000006c0000000, 0x00000006cab00000, 0x000000076ab00000)
  object space 175104K, 0% used [0x00000006c0000000,0x00000006c0004000,0x00000006cab00000)
 Metaspace       used 15868K, capacity 17076K, committed 17280K, reserved 1064960K
  class space    used 2070K, capacity 2324K, committed 2432K, reserved 1048576K
Event: 1.689 GC heap after
Heap after GC invocations=2 (full 0):
 PSYoungGen      total 76288K, used 7122K [0x000000076ab00000, 0x0000000770000000, 0x00000007c0000000)
  eden space 65536K, 0% used [0x000000076ab00000,0x000000076ab00000,0x000000076eb00000)
  from space 10752K, 66% used [0x000000076f580000,0x000000076fc749a8,0x0000000770000000)
  to   space 10752K, 0% used [0x000000076eb00000,0x000000076eb00000,0x000000076f580000)
 ParOldGen       total 175104K, used 24K [0x00000006c0000000, 0x00000006cab00000, 0x000000076ab00000)
  object space 175104K, 0% used [0x00000006c0000000,0x00000006c0006000,0x00000006cab00000)
 Metaspace       used 15868K, capacity 17076K, committed 17280K, reserved 1064960K
  class space    used 2070K, capacity 2324K, committed 2432K, reserved 1048576K
}
Event: 1.901 GC heap before
{Heap before GC invocations=3 (full 0):
 PSYoungGen      total 76288K, used 52222K [0x000000076ab00000, 0x0000000770000000, 0x00000007c0000000)
  eden space 65536K, 68% used [0x000000076ab00000,0x000000076d70b080,0x000000076eb00000)
  from space 10752K, 66% used [0x000000076f580000,0x000000076fc749a8,0x0000000770000000)
  to   space 10752K, 0% used [0x000000076eb00000,0x000000076eb00000,0x000000076f580000)
 ParOldGen       total 175104K, used 24K [0x00000006c0000000, 0x00000006cab00000, 0x000000076ab00000)
  object space 175104K, 0% used [0x00000006c0000000,0x00000006c0006000,0x00000006cab00000)
 Metaspace       used 19864K, capacity 21190K, committed 21248K, reserved 1067008K
  class space    used 2535K, capacity 2813K, committed 2816K, reserved 1048576K
Event: 1.911 GC heap after
Heap after GC invocations=3 (full 0):
 PSYoungGen      total 76288K, used 8047K [0x000000076ab00000, 0x0000000774000000, 0x00000007c0000000)
  eden space 65536K, 0% used [0x000000076ab00000,0x000000076ab00000,0x000000076eb00000)
  from space 10752K, 74% used [0x000000076eb00000,0x000000076f2dbfd8,0x000000076f580000)
  to   space 10752K, 0% used [0x0000000773580000,0x0000000773580000,0x0000000774000000)
 ParOldGen       total 175104K, used 32K [0x00000006c0000000, 0x00000006cab00000, 0x000000076ab00000)
  object space 175104K, 0% used [0x00000006c0000000,0x00000006c0008000,0x00000006cab00000)
 Metaspace       used 19864K, capacity 21190K, committed 21248K, reserved 1067008K
  class space    used 2535K, capacity 2813K, committed 2816K, reserved 1048576K
}
Event: 1.911 GC heap before
{Heap before GC invocations=4 (full 1):
 PSYoungGen      total 76288K, used 8047K [0x000000076ab00000, 0x0000000774000000, 0x00000007c0000000)
  eden space 65536K, 0% used [0x000000076ab00000,0x000000076ab00000,0x000000076eb00000)
  from space 10752K, 74% used [0x000000076eb00000,0x000000076f2dbfd8,0x000000076f580000)
  to   space 10752K, 0% used [0x0000000773580000,0x0000000773580000,0x0000000774000000)
 ParOldGen       total 175104K, used 32K [0x00000006c0000000, 0x00000006cab00000, 0x000000076ab00000)
  object space 175104K, 0% used [0x00000006c0000000,0x00000006c0008000,0x00000006cab00000)
 Metaspace       used 19864K, capacity 21190K, committed 21248K, reserved 1067008K
  class space    used 2535K, capacity 2813K, committed 2816K, reserved 1048576K
Event: 1.951 GC heap after
Heap after GC invocations=4 (full 1):
 PSYoungGen      total 76288K, used 0K [0x000000076ab00000, 0x0000000774000000, 0x00000007c0000000)
  eden space 65536K, 0% used [0x000000076ab00000,0x000000076ab00000,0x000000076eb00000)
  from space 10752K, 0% used [0x000000076eb00000,0x000000076eb00000,0x000000076f580000)
  to   space 10752K, 0% used [0x0000000773580000,0x0000000773580000,0x0000000774000000)
 ParOldGen       total 106496K, used 7660K [0x00000006c0000000, 0x00000006c6800000, 0x000000076ab00000)
  object space 106496K, 7% used [0x00000006c0000000,0x00000006c077b118,0x00000006c6800000)
 Metaspace       used 19864K, capacity 21190K, committed 21248K, reserved 1067008K
  class space    used 2535K, capacity 2813K, committed 2816K, reserved 1048576K
}
Event: 2.350 GC heap before
{Heap before GC invocations=5 (full 1):
 PSYoungGen      total 76288K, used 65536K [0x000000076ab00000, 0x0000000774000000, 0x00000007c0000000)
  eden space 65536K, 100% used [0x000000076ab00000,0x000000076eb00000,0x000000076eb00000)
  from space 10752K, 0% used [0x000000076eb00000,0x000000076eb00000,0x000000076f580000)
  to   space 10752K, 0% used [0x0000000773580000,0x0000000773580000,0x0000000774000000)
 ParOldGen       total 106496K, used 7660K [0x00000006c0000000, 0x00000006c6800000, 0x000000076ab00000)
  object space 106496K, 7% used [0x00000006c0000000,0x00000006c077b118,0x00000006c6800000)
 Metaspace       used 23211K, capacity 24682K, committed 24832K, reserved 1071104K
  class space    used 2980K, capacity 3271K, committed 3328K, reserved 1048576K
Event: 2.355 GC heap after
Heap after GC invocations=5 (full 1):
 PSYoungGen      total 101888K, used 5521K [0x000000076ab00000, 0x0000000773b00000, 0x00000007c0000000)
  eden space 96256K, 0% used [0x000000076ab00000,0x000000076ab00000,0x0000000770900000)
  from space 5632K, 98% used [0x0000000773580000,0x0000000773ae45d0,0x0000000773b00000)
  to   space 10752K, 0% used [0x0000000772600000,0x0000000772600000,0x0000000773080000)
 ParOldGen       total 106496K, used 7668K [0x00000006c0000000, 0x00000006c6800000, 0x000000076ab00000)
  object space 106496K, 7% used [0x00000006c0000000,0x00000006c077d118,0x00000006c6800000)
 Metaspace       used 23211K, capacity 24682K, committed 24832K, reserved 1071104K
  class space    used 2980K, capacity 3271K, committed 3328K, reserved 1048576K
}

